This is pdfTeX, Version 3.141592653-2.6-1.40.25 (MiKTeX 24.1) (preloaded format=pdflatex 2024.6.27)  28 JUN 2024 03:06
entering extended mode
 restricted \write18 enabled.
 %&-line parsing enabled.
**"./Latex informe.tex"
(Latex informe.tex
LaTeX2e <2023-11-01> patch level 1
L3 programming layer <2024-01-04>
(C:\Users\USUARIO\AppData\Local\Programs\MiKTeX\tex/latex/base\article.cls
Document Class: article 2023/05/17 v1.4n Standard LaTeX document class
(C:\Users\USUARIO\AppData\Local\Programs\MiKTeX\tex/latex/base\size12.clo
File: size12.clo 2023/05/17 v1.4n Standard LaTeX file (size option)
)
\c@part=\count187
\c@section=\count188
\c@subsection=\count189
\c@subsubsection=\count190
\c@paragraph=\count191
\c@subparagraph=\count192
\c@figure=\count193
\c@table=\count194
\abovecaptionskip=\skip48
\belowcaptionskip=\skip49
\bibindent=\dimen140
)
(C:\Users\USUARIO\AppData\Local\Programs\MiKTeX\tex/latex/geometry\geometry.sty
Package: geometry 2020/01/02 v5.9 Page Geometry
(C:\Users\USUARIO\AppData\Local\Programs\MiKTeX\tex/latex/graphics\keyval.sty
Package: keyval 2022/05/29 v1.15 key=value parser (DPC)
\KV@toks@=\toks17
)
(C:\Users\USUARIO\AppData\Local\Programs\MiKTeX\tex/generic/iftex\ifvtex.sty
Package: ifvtex 2019/10/25 v1.7 ifvtex legacy package. Use iftex instead.

(C:\Users\USUARIO\AppData\Local\Programs\MiKTeX\tex/generic/iftex\iftex.sty
Package: iftex 2022/02/03 v1.0f TeX engine tests
))
\Gm@cnth=\count195
\Gm@cntv=\count196
\c@Gm@tempcnt=\count197
\Gm@bindingoffset=\dimen141
\Gm@wd@mp=\dimen142
\Gm@odd@mp=\dimen143
\Gm@even@mp=\dimen144
\Gm@layoutwidth=\dimen145
\Gm@layoutheight=\dimen146
\Gm@layouthoffset=\dimen147
\Gm@layoutvoffset=\dimen148
\Gm@dimlist=\toks18

(C:\Users\USUARIO\AppData\Local\Programs\MiKTeX\tex/latex/geometry\geometry.cfg
)) (C:\Users\USUARIO\AppData\Local\Programs\MiKTeX\tex/latex/base\fontenc.sty
Package: fontenc 2021/04/29 v2.0v Standard LaTeX package
)
(C:\Users\USUARIO\AppData\Local\Programs\MiKTeX\tex/generic/babel\babel.sty
Package: babel 2024/01/07 v24.1 The Babel package
\babel@savecnt=\count198
\U@D=\dimen149
\l@unhyphenated=\language79

(C:\Users\USUARIO\AppData\Local\Programs\MiKTeX\tex/generic/babel\txtbabel.def)
\bbl@readstream=\read2
\bbl@dirlevel=\count199
*************************************
* Local config file bblopts.cfg used
*
(C:\Users\USUARIO\AppData\Local\Programs\MiKTeX\tex/latex/arabi\bblopts.cfg
File: bblopts.cfg 2005/09/08 v0.1 add Arabic and Farsi to "declared" options of
 babel
)
(C:\Users\USUARIO\AppData\Local\Programs\MiKTeX\tex/latex/babel-spanish\spanish
.ldf
Language: spanish.ldf 2021/05/27 v5.0q Spanish support from the babel system
\es@quottoks=\toks19
\es@quotdepth=\count266
Package babel Info: Making " an active character on input line 570.
Package babel Info: Making . an active character on input line 675.
Package babel Info: Making < an active character on input line 722.
Package babel Info: Making > an active character on input line 722.
))
(C:\Users\USUARIO\AppData\Local\Programs\MiKTeX\tex/generic/babel/locale/es\bab
el-spanish.tex
Package babel Info: Importing font and identification data for spanish
(babel)             from babel-es.ini. Reported on input line 11.
)
(C:\Users\USUARIO\AppData\Local\Programs\MiKTeX\tex/latex/graphics\graphicx.sty
Package: graphicx 2021/09/16 v1.2d Enhanced LaTeX Graphics (DPC,SPQR)

(C:\Users\USUARIO\AppData\Local\Programs\MiKTeX\tex/latex/graphics\graphics.sty
Package: graphics 2022/03/10 v1.4e Standard LaTeX Graphics (DPC,SPQR)
(C:\Users\USUARIO\AppData\Local\Programs\MiKTeX\tex/latex/graphics\trig.sty
Package: trig 2021/08/11 v1.11 sin cos tan (DPC)
)
(C:\Users\USUARIO\AppData\Local\Programs\MiKTeX\tex/latex/graphics-cfg\graphics
.cfg
File: graphics.cfg 2016/06/04 v1.11 sample graphics configuration
)
Package graphics Info: Driver file: pdftex.def on input line 107.

(C:\Users\USUARIO\AppData\Local\Programs\MiKTeX\tex/latex/graphics-def\pdftex.d
ef
File: pdftex.def 2022/09/22 v1.2b Graphics/color driver for pdftex
))
\Gin@req@height=\dimen150
\Gin@req@width=\dimen151
)
(C:\Users\USUARIO\AppData\Local\Programs\MiKTeX\tex/latex/fancyhdr\fancyhdr.sty
Package: fancyhdr 2024/04/23 v4.2 Extensive control of page headers and footers

\f@nch@headwidth=\skip50
\f@nch@O@elh=\skip51
\f@nch@O@erh=\skip52
\f@nch@O@olh=\skip53
\f@nch@O@orh=\skip54
\f@nch@O@elf=\skip55
\f@nch@O@erf=\skip56
\f@nch@O@olf=\skip57
\f@nch@O@orf=\skip58
) (C:\Users\USUARIO\AppData\Local\Programs\MiKTeX\tex/latex/xcolor\xcolor.sty
Package: xcolor 2023/11/15 v3.01 LaTeX color extensions (UK)

(C:\Users\USUARIO\AppData\Local\Programs\MiKTeX\tex/latex/graphics-cfg\color.cf
g
File: color.cfg 2016/01/02 v1.6 sample color configuration
)
Package xcolor Info: Driver file: pdftex.def on input line 274.

(C:\Users\USUARIO\AppData\Local\Programs\MiKTeX\tex/latex/graphics\mathcolor.lt
x)
Package xcolor Info: Model `cmy' substituted by `cmy0' on input line 1350.
Package xcolor Info: Model `hsb' substituted by `rgb' on input line 1354.
Package xcolor Info: Model `RGB' extended on input line 1366.
Package xcolor Info: Model `HTML' substituted by `rgb' on input line 1368.
Package xcolor Info: Model `Hsb' substituted by `hsb' on input line 1369.
Package xcolor Info: Model `tHsb' substituted by `hsb' on input line 1370.
Package xcolor Info: Model `HSB' substituted by `hsb' on input line 1371.
Package xcolor Info: Model `Gray' substituted by `gray' on input line 1372.
Package xcolor Info: Model `wave' substituted by `hsb' on input line 1373.
) (C:\Users\USUARIO\AppData\Local\Programs\MiKTeX\tex/latex/lipsum\lipsum.sty
(C:\Users\USUARIO\AppData\Local\Programs\MiKTeX\tex/latex/l3packages/l3keys2e\l
3keys2e.sty
(C:\Users\USUARIO\AppData\Local\Programs\MiKTeX\tex/latex/l3kernel\expl3.sty
Package: expl3 2024-01-04 L3 programming layer (loader) 

(C:\Users\USUARIO\AppData\Local\Programs\MiKTeX\tex/latex/l3backend\l3backend-p
dftex.def
File: l3backend-pdftex.def 2024-01-04 L3 backend support: PDF output (pdfTeX)
\l__color_backend_stack_int=\count267
\l__pdf_internal_box=\box51
))
Package: l3keys2e 2023-10-10 LaTeX2e option processing using LaTeX3 keys
)
Package: lipsum 2021-09-20 v2.7 150 paragraphs of Lorem Ipsum dummy text
\g__lipsum_par_int=\count268
\l__lipsum_a_int=\count269
\l__lipsum_b_int=\count270

(C:\Users\USUARIO\AppData\Local\Programs\MiKTeX\tex/latex/lipsum\lipsum.ltd.tex
)) (Latex informe.aux
LaTeX Info: Redefining \. on input line 8.
LaTeX Info: Redefining \% on input line 8.
)
\openout1 = `"Latex informe.aux"'.

LaTeX Font Info:    Checking defaults for OML/cmm/m/it on input line 23.
LaTeX Font Info:    ... okay on input line 23.
LaTeX Font Info:    Checking defaults for OMS/cmsy/m/n on input line 23.
LaTeX Font Info:    ... okay on input line 23.
LaTeX Font Info:    Checking defaults for OT1/cmr/m/n on input line 23.
LaTeX Font Info:    ... okay on input line 23.
LaTeX Font Info:    Checking defaults for T1/cmr/m/n on input line 23.
LaTeX Font Info:    ... okay on input line 23.
LaTeX Font Info:    Checking defaults for TS1/cmr/m/n on input line 23.
LaTeX Font Info:    ... okay on input line 23.
LaTeX Font Info:    Checking defaults for OMX/cmex/m/n on input line 23.
LaTeX Font Info:    ... okay on input line 23.
LaTeX Font Info:    Checking defaults for U/cmr/m/n on input line 23.
LaTeX Font Info:    ... okay on input line 23.

*geometry* driver: auto-detecting
*geometry* detected driver: pdftex
*geometry* verbose mode - [ preamble ] result:
* driver: pdftex
* paper: a4paper
* layout: <same size as paper>
* layoutoffset:(h,v)=(0.0pt,0.0pt)
* modes: 
* h-part:(L,W,R)=(72.26999pt, 452.9679pt, 72.26999pt)
* v-part:(T,H,B)=(72.26999pt, 700.50687pt, 72.26999pt)
* \paperwidth=597.50787pt
* \paperheight=845.04684pt
* \textwidth=452.9679pt
* \textheight=700.50687pt
* \oddsidemargin=0.0pt
* \evensidemargin=0.0pt
* \topmargin=-37.0pt
* \headheight=34.35004pt
* \headsep=25.0pt
* \topskip=12.0pt
* \footskip=30.0pt
* \marginparwidth=35.0pt
* \marginparsep=10.0pt
* \columnsep=10.0pt
* \skip\footins=10.8pt plus 4.0pt minus 2.0pt
* \hoffset=0.0pt
* \voffset=0.0pt
* \mag=1000
* \@twocolumnfalse
* \@twosidefalse
* \@mparswitchfalse
* \@reversemarginfalse
* (1in=72.27pt=25.4mm, 1cm=28.453pt)

LaTeX Info: Redefining \. on input line 23.
LaTeX Info: Redefining \% on input line 23.

(C:\Users\USUARIO\AppData\Local\Programs\MiKTeX\tex/context/base/mkii\supp-pdf.
mkii
[Loading MPS to PDF converter (version 2006.09.02).]
\scratchcounter=\count271
\scratchdimen=\dimen152
\scratchbox=\box52
\nofMPsegments=\count272
\nofMParguments=\count273
\everyMPshowfont=\toks20
\MPscratchCnt=\count274
\MPscratchDim=\dimen153
\MPnumerator=\count275
\makeMPintoPDFobject=\count276
\everyMPtoPDFconversion=\toks21
)
(C:\Users\USUARIO\AppData\Local\Programs\MiKTeX\tex/latex/epstopdf-pkg\epstopdf
-base.sty
Package: epstopdf-base 2020-01-24 v2.11 Base part for package epstopdf
Package epstopdf-base Info: Redefining graphics rule for `.eps' on input line 4
85.

(C:\Users\USUARIO\AppData\Local\Programs\MiKTeX\tex/latex/00miktex\epstopdf-sys
.cfg
File: epstopdf-sys.cfg 2021/03/18 v2.0 Configuration of epstopdf for MiKTeX
))
<images/uni_logo.png, id=1, 1204.5pt x 1514.65875pt>
File: images/uni_logo.png Graphic file (type png)
<use images/uni_logo.png>
Package pdftex.def Info: images/uni_logo.png  used on input line 36.
(pdftex.def)             Requested size: 199.16928pt x 250.43948pt.
 [1

{C:/Users/USUARIO/AppData/Local/MiKTeX/fonts/map/pdftex/pdftex.map} <./images/u
ni_logo.png>]
<images/python_vs_cpp.png, id=12, 772.8875pt x 401.5pt>
File: images/python_vs_cpp.png Graphic file (type png)
<use images/python_vs_cpp.png>
Package pdftex.def Info: images/python_vs_cpp.png  used on input line 110.
(pdftex.def)             Requested size: 271.7835pt x 141.18262pt.
File: images/uni_logo.png Graphic file (type png)
<use images/uni_logo.png>
Package pdftex.def Info: images/uni_logo.png  used on input line 125.
(pdftex.def)             Requested size: 23.85616pt x 30.0pt.
 [1 <./images/python_vs_cpp.png>]
<images/django_vs_flask.png, id=20, 839.135pt x 452.69125pt>
File: images/django_vs_flask.png Graphic file (type png)
<use images/django_vs_flask.png>
Package pdftex.def Info: images/django_vs_flask.png  used on input line 139.
(pdftex.def)             Requested size: 271.7835pt x 146.61865pt.
File: images/uni_logo.png Graphic file (type png)
<use images/uni_logo.png>
Package pdftex.def Info: images/uni_logo.png  used on input line 179.
(pdftex.def)             Requested size: 23.85616pt x 30.0pt.
 [2 <./images/django_vs_flask.png>]
<images/funciones_python.png, id=24, 212.29312pt x 54.2025pt>
File: images/funciones_python.png Graphic file (type png)
<use images/funciones_python.png>
Package pdftex.def Info: images/funciones_python.png  used on input line 198.
(pdftex.def)             Requested size: 271.7835pt x 69.39467pt.
LaTeX Font Info:    Trying to load font information for T1+cmtt on input line 2
02.

(C:\Users\USUARIO\AppData\Local\Programs\MiKTeX\tex/latex/base\t1cmtt.fd
File: t1cmtt.fd 2023/04/13 v2.5m Standard LaTeX font definitions
)
<images/cadenas_python.png, id=25, 261.22594pt x 39.14626pt>
File: images/cadenas_python.png Graphic file (type png)
<use images/cadenas_python.png>
Package pdftex.def Info: images/cadenas_python.png  used on input line 224.
(pdftex.def)             Requested size: 271.7835pt x 40.72905pt.
File: images/uni_logo.png Graphic file (type png)
<use images/uni_logo.png>
Package pdftex.def Info: images/uni_logo.png  used on input line 241.
(pdftex.def)             Requested size: 23.85616pt x 30.0pt.

[3 <./images/funciones_python.png> <./images/cadenas_python.png>]
<images/diccionarios_python.png, id=32, 370.38374pt x 155.07938pt>
File: images/diccionarios_python.png Graphic file (type png)
<use images/diccionarios_python.png>
Package pdftex.def Info: images/diccionarios_python.png  used on input line 250
.
(pdftex.def)             Requested size: 271.7835pt x 113.7962pt.
File: images/uni_logo.png Graphic file (type png)
<use images/uni_logo.png>
Package pdftex.def Info: images/uni_logo.png  used on input line 337.
(pdftex.def)             Requested size: 23.85616pt x 30.0pt.
 [4 <./images/diccionarios_python.png>]
File: images/uni_logo.png Graphic file (type png)
<use images/uni_logo.png>
Package pdftex.def Info: images/uni_logo.png  used on input line 337.
(pdftex.def)             Requested size: 23.85616pt x 30.0pt.
 [5]
<images/archivos_python.png, id=40, 485.56406pt x 103.13531pt>
File: images/archivos_python.png Graphic file (type png)
<use images/archivos_python.png>
Package pdftex.def Info: images/archivos_python.png  used on input line 345.
(pdftex.def)             Requested size: 271.7835pt x 57.72704pt.

Overfull \hbox (40.9115pt too wide) in paragraph at lines 377--377
[] \T1/cmtt/m/n/12 datos_a_escribir = input("Ingrese el texto que desea escribi
r en el archivo: ")[] 
 []

<images/clases_python.png, id=41, 164.86594pt x 37.64063pt>
File: images/clases_python.png Graphic file (type png)
<use images/clases_python.png>
Package pdftex.def Info: images/clases_python.png  used on input line 385.
(pdftex.def)             Requested size: 271.7835pt x 62.05894pt.
File: images/uni_logo.png Graphic file (type png)
<use images/uni_logo.png>
Package pdftex.def Info: images/uni_logo.png  used on input line 387.
(pdftex.def)             Requested size: 23.85616pt x 30.0pt.
[6 <./images/archivos_python.png>]
Overfull \hbox (615.0463pt too wide) in paragraph at lines 408--408
[] \T1/cmtt/m/n/12 def __init__    (self, nombre, edad): #No es  necesario agre
gar el __init__, pero es una práctica común y recomendada en Python para inicia
lizar los atributos de una clase.[] 
 []

<images/calculadora_python.png, id=47, 351.56343pt x 127.97812pt>
File: images/calculadora_python.png Graphic file (type png)
<use images/calculadora_python.png>
Package pdftex.def Info: images/calculadora_python.png  used on input line 423.

(pdftex.def)             Requested size: 271.7835pt x 98.93596pt.
File: images/uni_logo.png Graphic file (type png)
<use images/uni_logo.png>
Package pdftex.def Info: images/uni_logo.png  used on input line 481.
(pdftex.def)             Requested size: 23.85616pt x 30.0pt.
[7 <./images/clases_python.png> <./images/calculadora_python.png>]
File: images/uni_logo.png Graphic file (type png)
<use images/uni_logo.png>
Package pdftex.def Info: images/uni_logo.png  used on input line 489.
(pdftex.def)             Requested size: 23.85616pt x 30.0pt.
 [8]
<images/models1.png, id=56, 804.75656pt x 741.52031pt>
File: images/models1.png Graphic file (type png)
<use images/models1.png>
Package pdftex.def Info: images/models1.png  used on input line 493.
(pdftex.def)             Requested size: 362.37569pt x 333.89603pt.
<images/models2.png, id=57, 829.59938pt x 417.81094pt>
File: images/models2.png Graphic file (type png)
<use images/models2.png>
Package pdftex.def Info: images/models2.png  used on input line 500.
(pdftex.def)             Requested size: 362.37569pt x 182.49857pt.
<images/views1.png, id=58, 720.44156pt x 665.48625pt>
File: images/views1.png Graphic file (type png)
<use images/views1.png>
Package pdftex.def Info: images/views1.png  used on input line 508.
(pdftex.def)             Requested size: 362.37569pt x 334.73257pt.
<images/views2.png, id=59, 667.74469pt x 682.80093pt>
File: images/views2.png Graphic file (type png)
<use images/views2.png>
Package pdftex.def Info: images/views2.png  used on input line 515.
(pdftex.def)             Requested size: 362.37569pt x 370.55112pt.
<images/urls.png, id=60, 553.31718pt x 229.60782pt>
File: images/urls.png Graphic file (type png)
<use images/urls.png>
Package pdftex.def Info: images/urls.png  used on input line 523.
(pdftex.def)             Requested size: 362.37569pt x 150.37144pt.
<images/interface1.png, id=61, 988.44281pt x 463.7325pt>
File: images/interface1.png Graphic file (type png)
<use images/interface1.png>
Package pdftex.def Info: images/interface1.png  used on input line 531.
(pdftex.def)             Requested size: 362.37569pt x 170.00746pt.
<images/interface2.png, id=62, 639.13782pt x 581.92406pt>
File: images/interface2.png Graphic file (type png)
<use images/interface2.png>
Package pdftex.def Info: images/interface2.png  used on input line 538.
(pdftex.def)             Requested size: 362.37569pt x 329.94203pt.
File: images/uni_logo.png Graphic file (type png)
<use images/uni_logo.png>
Package pdftex.def Info: images/uni_logo.png  used on input line 550.
(pdftex.def)             Requested size: 23.85616pt x 30.0pt.
 [9 <./images/models1.png>]
File: images/uni_logo.png Graphic file (type png)
<use images/uni_logo.png>
Package pdftex.def Info: images/uni_logo.png  used on input line 550.
(pdftex.def)             Requested size: 23.85616pt x 30.0pt.
 [10 <./images/models2.png> <./images/views1.png>]
File: images/uni_logo.png Graphic file (type png)
<use images/uni_logo.png>
Package pdftex.def Info: images/uni_logo.png  used on input line 550.
(pdftex.def)             Requested size: 23.85616pt x 30.0pt.
 [11 <./images/views2.png> <./images/urls.png>]
File: images/uni_logo.png Graphic file (type png)
<use images/uni_logo.png>
Package pdftex.def Info: images/uni_logo.png  used on input line 550.
(pdftex.def)             Requested size: 23.85616pt x 30.0pt.
 [12 <./images/interface1.png> <./images/interface2.png>] (Latex informe.aux
LaTeX Info: Redefining \. on input line 8.
LaTeX Info: Redefining \% on input line 8.
)
 ***********
LaTeX2e <2023-11-01> patch level 1
L3 programming layer <2024-01-04>
 ***********
 ) 
Here is how much of TeX's memory you used:
 4777 strings out of 474486
 81756 string characters out of 5742811
 1935542 words of memory out of 5000000
 27032 multiletter control sequences out of 15000+600000
 566231 words of font info for 48 fonts, out of 8000000 for 9000
 1141 hyphenation exceptions out of 8191
 79i,15n,93p,498b,502s stack positions out of 10000i,1000n,20000p,200000b,200000s
 <C:\Users\USUARIO\AppData\Local\MiKTeX\fonts/pk/ljfour/jknappen/ec/dpi600\ec
tt1200.pk> <C:\Users\USUARIO\AppData\Local\MiKTeX\fonts/pk/ljfour/jknappen/ec/d
pi600\ecbx1440.pk> <C:\Users\USUARIO\AppData\Local\MiKTeX\fonts/pk/ljfour/jknap
pen/ec/dpi600\ecrm1200.pk> <C:\Users\USUARIO\AppData\Local\MiKTeX\fonts/pk/ljfo
ur/jknappen/ec/dpi600\ecbx1728.pk> <C:\Users\USUARIO\AppData\Local\MiKTeX\fonts
/pk/ljfour/jknappen/ec/dpi600\ecbx1200.pk> <C:\Users\USUARIO\AppData\Local\MiKT
eX\fonts/pk/ljfour/jknappen/ec/dpi600\ecti1728.pk> <C:\Users\USUARIO\AppData\Lo
cal\MiKTeX\fonts/pk/ljfour/jknappen/ec/dpi600\ecbx2488.pk> <C:\Users\USUARIO\Ap
pData\Local\MiKTeX\fonts/pk/ljfour/jknappen/ec/dpi600\ecbx2074.pk>
Output written on "Latex informe.pdf" (13 pages, 1034197 bytes).
PDF statistics:
 386 PDF objects out of 1000 (max. 8388607)
 0 named destinations out of 1000 (max. 500000)
 81 words of extra memory for PDF output out of 10000 (max. 10000000)

